<?xml version="1.0" encoding="UTF-8"?>
<!-- Generated by org.testng.reporters.JUnitReportReporter -->
<testsuite hostname="DESKTOP-O4TI2RI" failures="0" tests="1" name="com.example.logincredentials.PostiveTest" time="17.869" errors="0" timestamp="29 Jan 2023 15:12:48 GMT" skipped="0">
  <testcase classname="com.example.logincredentials.PostiveTest" name="loginTest" time="17.869"/>
</testsuite> <!-- com.example.logincredentials.PostiveTest -->
