<?xml version="1.0" encoding="UTF-8"?>
<!-- Generated by org.testng.reporters.JUnitReportReporter -->
<testsuite hostname="DESKTOP-O4TI2RI" failures="0" tests="3" name="com.example.logincredentials.LoginModuleTest" time="42.666" errors="0" timestamp="30 Jan 2023 17:36:18 GMT" skipped="0">
  <testcase classname="com.example.logincredentials.LoginModuleTest" name="incorrectUserName" time="12.413"/>
  <testcase classname="com.example.logincredentials.LoginModuleTest" name="incorrectPassword" time="14.549"/>
  <testcase classname="com.example.logincredentials.LoginModuleTest" name="loginTest" time="15.704"/>
</testsuite> <!-- com.example.logincredentials.LoginModuleTest -->
