<?xml version="1.0" encoding="UTF-8"?>
<!-- Generated by org.testng.reporters.JUnitReportReporter -->
<testsuite hostname="DESKTOP-O4TI2RI" failures="0" tests="2" name="com.example.logincredentials.NegativeTest" time="38.161" errors="0" timestamp="29 Jan 2023 15:12:48 GMT" skipped="0">
  <testcase classname="com.example.logincredentials.NegativeTest" name="incorrectUserName" time="20.312"/>
  <testcase classname="com.example.logincredentials.NegativeTest" name="incorrectPassword" time="17.849"/>
</testsuite> <!-- com.example.logincredentials.NegativeTest -->
